  Game.cpp
C:\Program Files\Microsoft Visual Studio\2022\Community\VC\Tools\MSVC\14.44.35207\include\xmemory(732,103): warning C4244: 'argumento': conversión de '_Ty' a 'float'; posible pérdida de datos
C:\Program Files\Microsoft Visual Studio\2022\Community\VC\Tools\MSVC\14.44.35207\include\xmemory(732,103): warning C4244:         with
C:\Program Files\Microsoft Visual Studio\2022\Community\VC\Tools\MSVC\14.44.35207\include\xmemory(732,103): warning C4244:         [
C:\Program Files\Microsoft Visual Studio\2022\Community\VC\Tools\MSVC\14.44.35207\include\xmemory(732,103): warning C4244:             _Ty=int
C:\Program Files\Microsoft Visual Studio\2022\Community\VC\Tools\MSVC\14.44.35207\include\xmemory(732,103): warning C4244:         ]
  (compilando archivo de origen "Game.cpp")
      C:\Program Files\Microsoft Visual Studio\2022\Community\VC\Tools\MSVC\14.44.35207\include\xmemory(732,103):
      el contexto de creación de instancias de la plantilla (el más antiguo primero) es
          C:\Users\Pc\OneDrive\Documentos\Trabajos código\PVI - Unidad 1\PVJI-KONCURAT_AGUSTINA_TP2\Game.cpp(27,9):
          Vea la referencia a la creación de una instancia de la función plantilla "void std::vector<Stack,std::allocator<Stack>>::emplace_back<int,int,int,bool>(int &&,int &&,int &&,bool &&)" que se está compilando
              C:\Users\Pc\OneDrive\Documentos\Trabajos código\PVI - Unidad 1\PVJI-KONCURAT_AGUSTINA_TP2\Game.cpp(27,21):
              vea la primera referencia a “std::vector<Stack,std::allocator<Stack>>::emplace_back” en “Game::init”
          C:\Program Files\Microsoft Visual Studio\2022\Community\VC\Tools\MSVC\14.44.35207\include\vector(924,24):
          Vea la referencia a la creación de una instancia de la función plantilla "_Ty &std::vector<_Ty,std::allocator<_Ty>>::_Emplace_one_at_back<int,int,int,bool>(int &&,int &&,int &&,bool &&)" que se está compilando
          with
          [
              _Ty=Stack
          ]
          C:\Program Files\Microsoft Visual Studio\2022\Community\VC\Tools\MSVC\14.44.35207\include\vector(845,20):
          Vea la referencia a la creación de una instancia de la función plantilla "_Ty &std::vector<_Ty,std::allocator<_Ty>>::_Emplace_back_with_unused_capacity<int,int,int,bool>(int &&,int &&,int &&,bool &&)" que se está compilando
          with
          [
              _Ty=Stack
          ]
          C:\Program Files\Microsoft Visual Studio\2022\Community\VC\Tools\MSVC\14.44.35207\include\vector(863,27):
          Vea la referencia a la creación de una instancia de la función plantilla "void std::_Default_allocator_traits<_Alloc>::construct<_Ty,int,int,int,bool>(_Alloc &,_Objty *const ,int &&,int &&,int &&,bool &&)" que se está compilando
          with
          [
              _Alloc=std::allocator<Stack>,
              _Ty=Stack,
              _Objty=Stack
          ]
  
  Template_UNL_Raylib.vcxproj -> C:\Users\Pc\OneDrive\Documentos\Trabajos código\PVI - Unidad 1\PVJI-KONCURAT_AGUSTINA_TP2\x64\Debug\Template_UNL_Raylib.exe
